0:
RRRR###
RRRR###
RRRR###
RRR BBB
###BBBB
###BBBB
###BBBB


1:
RRRR###
RRRR###
RRR ###
RRRRBBB
###BBBB
###BBBB
###BBBB


2:
RRRR###
RRRR###
RRRB###
RRRRBBB
### BBB
###BBBB
###BBBB


3:
RRRR###
RRRR###
RRRB###
RRR BBB
###RBBB
###BBBB
###BBBB


4:
RRRR###
RRR ###
RRRB###
RRRRBBB
###RBBB
###BBBB
###BBBB


5:
RRR ###
RRRR###
RRRB###
RRRRBBB
###RBBB
###BBBB
###BBBB


6:
RRRB###
RRRR###
RRR ###
RRRRBBB
###RBBB
###BBBB
###BBBB


7:
RRRB###
RRR ###
RRRR###
RRRRBBB
###RBBB
###BBBB
###BBBB


8:
RRR ###
RRRB###
RRRR###
RRRRBBB
###RBBB
###BBBB
###BBBB


9:
RR R###
RRRB###
RRRR###
RRRRBBB
###RBBB
###BBBB
###BBBB


10:
RRRR###
RR B###
RRRR###
RRRRBBB
###RBBB
###BBBB
###BBBB


11:
RRRR###
RRB ###
RRRR###
RRRRBBB
###RBBB
###BBBB
###BBBB


12:
RRRR###
RRBR###
RRRR###
RRR BBB
###RBBB
###BBBB
###BBBB


13:
RRRR###
RRBR###
RRRR###
RRRBBBB
###RBBB
### BBB
###BBBB


14:
RRRR###
RRBR###
RRRR###
RRRBBBB
###RBBB
###BBBB
### BBB


15:
RRRR###
RRBR###
RRRR###
RRRBBBB
### BBB
###BBBB
###RBBB


16:
RRRR###
RRBR###
RRR ###
RRRBBBB
###RBBB
###BBBB
###RBBB


17:
RRRR###
RRBR###
RR R###
RRRBBBB
###RBBB
###BBBB
###RBBB


18:
RR R###
RRBR###
RRRR###
RRRBBBB
###RBBB
###BBBB
###RBBB


19:
RRBR###
RR R###
RRRR###
RRRBBBB
###RBBB
###BBBB
###RBBB


20:
RRBR###
R RR###
RRRR###
RRRBBBB
###RBBB
###BBBB
###RBBB


21:
R BR###
RRRR###
RRRR###
RRRBBBB
###RBBB
###BBBB
###RBBB


22:
RB R###
RRRR###
RRRR###
RRRBBBB
###RBBB
###BBBB
###RBBB


23:
RBRR###
RR R###
RRRR###
RRRBBBB
###RBBB
###BBBB
###RBBB


24:
RBRR###
RRR ###
RRRR###
RRRBBBB
###RBBB
###BBBB
###RBBB


25:
RBRR###
RRRB###
RRRR###
RRR BBB
###RBBB
###BBBB
###RBBB


26:
RBRR###
RRRB###
RRRR###
RRRB BB
###RBBB
###BBBB
###RBBB


27:
RBRR###
RRRB###
RRRR###
RRRBBBB
###RBBB
###B BB
###RBBB


28:
RBRR###
RRRB###
RRRR###
RRRBBBB
###RBBB
###BBBB
###R BB


29:
RBRR###
RRRB###
RRRR###
RRRBBBB
###RBBB
###BBBB
### RBB


30:
RBRR###
RRRB###
RRRR###
RRRBBBB
### BBB
###BBBB
###RRBB


31:
RBRR###
RRRB###
RRR ###
RRRBBBB
###RBBB
###BBBB
###RRBB


32:
RBRR###
RRRB###
RRRB###
RRR BBB
###RBBB
###BBBB
###RRBB


33:
RBRR###
RRRB###
RRRB###
RRRBBBB
###RBBB
### BBB
###RRBB


34:
RBRR###
RRRB###
RRRB###
RRRBBBB
### BBB
###RBBB
###RRBB


35:
RBRR###
RRRB###
RRRB###
RRRBBBB
###B BB
###RBBB
###RRBB


36:
RBRR###
RRRB###
RRRB###
RRRBBBB
###BBBB
###R BB
###RRBB


37:
RBRR###
RRRB###
RRRB###
RRRBBBB
###BBBB
### RBB
###RRBB


38:
RBRR###
RRRB###
RRRB###
RRRBBBB
### BBB
###BRBB
###RRBB


39:
RBRR###
RRRB###
RRRB###
RRRBBBB
###B BB
###BRBB
###RRBB


40:
RBRR###
RRRB###
RRRB###
RRRBBBB
###BRBB
###B BB
###RRBB


41:
RBRR###
RRRB###
RRRB###
RRRBBBB
###BRBB
###BB B
###RRBB


42:
RBRR###
RRRB###
RRRB###
RRRBBBB
###BR B
###BBBB
###RRBB


43:
RBRR###
RRRB###
RRRB###
RRRBBBB
###B RB
###BBBB
###RRBB


44:
RBRR###
RRRB###
RRRB###
RRRBBBB
###BBRB
###B BB
###RRBB


45:
RBRR###
RRRB###
RRRB###
RRRBBBB
###BBRB
###BRBB
###R BB


46:
RBRR###
RRRB###
RRRB###
RRRBBBB
###BBRB
###BRBB
###RB B


47:
RBRR###
RRRB###
RRRB###
RRRBBBB
###BBRB
###BR B
###RBBB


48:
RBRR###
RRRB###
RRRB###
RRRBBBB
###BBRB
###B RB
###RBBB


49:
RBRR###
RRRB###
RRRB###
RRRBBBB
###BBRB
###BBRB
###R BB


50:
RBRR###
RRRB###
RRRB###
RRRBBBB
###BBRB
###BBRB
###RB B


51:
RBRR###
RRRB###
RRRB###
RRRBBBB
###BBRB
###BB B
###RBRB


52:
RBRR###
RRRB###
RRRB###
RRRBBBB
###BBRB
###BBB 
###RBRB


53:
RBRR###
RRRB###
RRRB###
RRRBBBB
###BBR 
###BBBB
###RBRB


54:
RBRR###
RRRB###
RRRB###
RRRBBBB
###BB R
###BBBB
###RBRB


55:
RBRR###
RRRB###
RRRB###
RRRBBBB
###BBBR
###BB B
###RBRB


56:
RBRR###
RRRB###
RRRB###
RRRBBBB
###BBBR
###BBB 
###RBRB


57:
RBRR###
RRRB###
RRRB###
RRRBBB 
###BBBR
###BBBB
###RBRB


58:
RBRR###
RRRB###
RRRB###
RRRBBBR
###BBB 
###BBBB
###RBRB


59:
RBRR###
RRRB###
RRRB###
RRRBBBR
###BBBB
###BBBB
###RBR 


60:
RBRR###
RRRB###
RRRB###
RRRBBBR
###BBBB
###BBBB
###RB R


61:
RBRR###
RRRB###
RRRB###
RRRBBBR
###BB B
###BBBB
###RBBR


62:
RBRR###
RRRB###
RRRB###
RRRBB R
###BBBB
###BBBB
###RBBR


63:
RBRR###
RRRB###
RRRB###
RRRBBR 
###BBBB
###BBBB
###RBBR


64:
RBRR###
RRRB###
RRRB###
RRRBBRB
###BBBB
###BBB 
###RBBR


65:
RBRR###
RRRB###
RRRB###
RRRBBRB
###BBBB
###BB B
###RBBR


66:
RBRR###
RRRB###
RRRB###
RRRBB B
###BBBB
###BBRB
###RBBR


67:
RBRR###
RRRB###
RRRB###
RRRB BB
###BBBB
###BBRB
###RBBR


68:
RBRR###
RRRB###
RRRB###
RRRBBBB
###BBBB
###B RB
###RBBR


69:
RBRR###
RRRB###
RRRB###
RRRBBBB
###BBBB
### BRB
###RBBR


70:
RBRR###
RRRB###
RRRB###
RRRBBBB
###BBBB
###RBRB
### BBR


71:
RBRR###
RRRB###
RRRB###
RRRBBBB
###BBBB
###RBRB
###B BR


72:
RBRR###
RRRB###
RRRB###
RRRBBBB
###BBBB
###R RB
###BBBR


73:
RBRR###
RRRB###
RRRB###
RRRBBBB
###BBBB
### RRB
###BBBR


74:
RBRR###
RRRB###
RRRB###
RRRBBBB
### BBB
###BRRB
###BBBR


75:
RBRR###
RRRB###
RRRB###
RRRBBBB
###B BB
###BRRB
###BBBR


76:
RBRR###
RRRB###
RRRB###
RRRB BB
###BBBB
###BRRB
###BBBR


77:
RBRR###
RRRB###
RRRB###
RRRBB B
###BBBB
###BRRB
###BBBR


78:
RBRR###
RRRB###
RRRB###
RRRBBRB
###BBBB
###BR B
###BBBR


79:
RBRR###
RRRB###
RRRB###
RRRBBRB
###BB B
###BRBB
###BBBR


80:
RBRR###
RRRB###
RRRB###
RRRBB B
###BBRB
###BRBB
###BBBR


81:
RBRR###
RRRB###
RRRB###
RRRB BB
###BBRB
###BRBB
###BBBR


82:
RBRR###
RRRB###
RRRB###
RRRBBBB
###B RB
###BRBB
###BBBR


83:
RBRR###
RRRB###
RRRB###
RRRBBBB
###BRRB
###B BB
###BBBR


84:
RBRR###
RRRB###
RRRB###
RRRBBBB
###BRRB
###BBBB
###B BR


85:
RBRR###
RRRB###
RRRB###
RRRBBBB
###B RB
###BBBB
###BRBR


86:
RBRR###
RRRB###
RRRB###
RRRB BB
###BBRB
###BBBB
###BRBR


87:
RBRR###
RRRB###
RRRB###
RRR BBB
###BBRB
###BBBB
###BRBR


88:
RBRR###
RRRB###
RRRB###
RR RBBB
###BBRB
###BBBB
###BRBR


89:
RBRR###
RR B###
RRRB###
RRRRBBB
###BBRB
###BBBB
###BRBR


90:
RB R###
RRRB###
RRRB###
RRRRBBB
###BBRB
###BBBB
###BRBR


91:
RBR ###
RRRB###
RRRB###
RRRRBBB
###BBRB
###BBBB
###BRBR


92:
RBRB###
RRR ###
RRRB###
RRRRBBB
###BBRB
###BBBB
###BRBR


93:
RBRB###
RR R###
RRRB###
RRRRBBB
###BBRB
###BBBB
###BRBR


94:
RB B###
RRRR###
RRRB###
RRRRBBB
###BBRB
###BBBB
###BRBR


95:
RBB ###
RRRR###
RRRB###
RRRRBBB
###BBRB
###BBBB
###BRBR


96:
RBBB###
RRRR###
RRR ###
RRRRBBB
###BBRB
###BBBB
###BRBR


97:
RBBB###
RRRR###
RRRB###
RRRRBBB
### BRB
###BBBB
###BRBR


98:
RBBB###
RRRR###
RRRB###
RRR BBB
###RBRB
###BBBB
###BRBR


99:
RBBB###
RRRR###
RRRB###
RRRBBBB
###RBRB
### BBB
###BRBR


100:
RBBB###
RRRR###
RRRB###
RRRBBBB
###RBRB
###BBBB
### RBR


101:
RBBB###
RRRR###
RRRB###
RRRBBBB
### BRB
###BBBB
###RRBR


102:
RBBB###
RRRR###
RRRB###
RRRBBBB
###B RB
###BBBB
###RRBR


103:
RBBB###
RRRR###
RRRB###
RRRBBBB
###BBRB
###B BB
###RRBR


104:
RBBB###
RRRR###
RRRB###
RRRBBBB
###BBRB
###BB B
###RRBR


105:
RBBB###
RRRR###
RRRB###
RRRBBBB
###BBRB
###BBBB
###RR R


106:
RBBB###
RRRR###
RRRB###
RRRBBBB
###BB B
###BBBB
###RRRR


107:
RBBB###
RRRR###
RRRB###
RRRBBBB
###BBBB
###BB B
###RRRR


108:
RBBB###
RRRR###
RRRB###
RRRBBBB
###BBBB
###BBRB
###RR R


109:
RBBB###
RRRR###
RRRB###
RRRBBBB
###BBBB
###BBRB
###R RR


110:
RBBB###
RRRR###
RRRB###
RRRBBBB
###BBBB
###BBRB
### RRR


111:
RBBB###
RRRR###
RRRB###
RRRBBBB
###BBBB
### BRB
###BRRR


112:
RBBB###
RRRR###
RRRB###
RRRBBBB
###BBBB
###B RB
###BRRR


113:
RBBB###
RRRR###
RRRB###
RRRBBBB
###B BB
###BBRB
###BRRR


114:
RBBB###
RRRR###
RRRB###
RRRBBBB
###BB B
###BBRB
###BRRR


115:
RBBB###
RRRR###
RRRB###
RRRBBBB
###BBB 
###BBRB
###BRRR


116:
RBBB###
RRRR###
RRRB###
RRRBBBB
###BBBR
###BBRB
###BRR 


117:
RBBB###
RRRR###
RRRB###
RRRBBBB
###BBBR
###BBR 
###BRRB


118:
RBBB###
RRRR###
RRRB###
RRRBBBB
###BBBR
###BB R
###BRRB


119:
RBBB###
RRRR###
RRRB###
RRRBBBB
###BBBR
###BBRR
###BR B


120:
RBBB###
RRRR###
RRRB###
RRRBBBB
###BBBR
###BBRR
###BRB 


121:
RBBB###
RRRR###
RRRB###
RRRBBBB
###BBB 
###BBRR
###BRBR


122:
RBBB###
RRRR###
RRRB###
RRRBBB 
###BBBB
###BBRR
###BRBR


123:
RBBB###
RRRR###
RRRB###
RRRBBBR
###BBBB
###BBR 
###BRBR


124:
RBBB###
RRRR###
RRRB###
RRRBBBR
###BBB 
###BBRB
###BRBR


125:
RBBB###
RRRR###
RRRB###
RRRBBBR
###BBBR
###BBRB
###BRB 


126:
RBBB###
RRRR###
RRRB###
RRRBBBR
###BBBR
###BBR 
###BRBB


127:
RBBB###
RRRR###
RRRB###
RRRBBB 
###BBBR
###BBRR
###BRBB


128:
RBBB###
RRRR###
RRRB###
RRRBB B
###BBBR
###BBRR
###BRBB


129:
RBBB###
RRRR###
RRRB###
RRRBBRB
###BBBR
###BB R
###BRBB


130:
RBBB###
RRRR###
RRRB###
RRRBBRB
###BB R
###BBBR
###BRBB


131:
RBBB###
RRRR###
RRRB###
RRRBB B
###BBRR
###BBBR
###BRBB


132:
RBBB###
RRRR###
RRRB###
RRRBBB 
###BBRR
###BBBR
###BRBB


133:
RBBB###
RRRR###
RRRB###
RRRBBBR
###BBR 
###BBBR
###BRBB


134:
RBBB###
RRRR###
RRRB###
RRRBBBR
###BBRB
###BBBR
###BRB 


135:
RBBB###
RRRR###
RRRB###
RRRBBBR
###BBRB
###BBBR
###BR B


136:
RBBB###
RRRR###
RRRB###
RRRBBBR
###BBRB
###BB R
###BRBB


137:
RBBB###
RRRR###
RRRB###
RRRBBBR
###BBRB
###BBR 
###BRBB


138:
RBBB###
RRRR###
RRRB###
RRRBBB 
###BBRB
###BBRR
###BRBB


139:
RBBB###
RRRR###
RRRB###
RRRBB B
###BBRB
###BBRR
###BRBB


140:
RBBB###
RRRR###
RRRB###
RRRB BB
###BBRB
###BBRR
###BRBB


141:
RBBB###
RRRR###
RRRB###
RRRBBBB
###B RB
###BBRR
###BRBB


142:
RBBB###
RRRR###
RRRB###
RRRBBBB
###BR B
###BBRR
###BRBB


143:
RBBB###
RRRR###
RRRB###
RRRBB B
###BRBB
###BBRR
###BRBB


144:
RBBB###
RRRR###
RRRB###
RRRBBRB
###BRBB
###BB R
###BRBB


145:
RBBB###
RRRR###
RRRB###
RRRBBRB
###BRBB
###BBBR
###BR B


146:
RBBB###
RRRR###
RRRB###
RRRBBRB
###BRBB
###BBBR
###B RB


147:
RBBB###
RRRR###
RRRB###
RRRBBRB
###BRBB
###B BR
###BBRB


148:
RBBB###
RRRR###
RRRB###
RRRBBRB
###B BB
###BRBR
###BBRB


149:
RBBB###
RRRR###
RRRB###
RRRBBRB
###BBBB
###BRBR
###B RB


150:
RBBB###
RRRR###
RRRB###
RRRBBRB
###BBBB
###BRBR
### BRB


151:
RBBB###
RRRR###
RRRB###
RRRBBRB
###BBBB
### RBR
###BBRB


152:
RBBB###
RRRR###
RRRB###
RRRBBRB
###BBBB
###R BR
###BBRB


153:
RBBB###
RRRR###
RRRB###
RRRBBRB
###BBBB
###RBBR
###B RB


154:
RBBB###
RRRR###
RRRB###
RRRBBRB
###BBBB
###RBBR
###BR B


155:
RBBB###
RRRR###
RRRB###
RRRBBRB
###BBBB
###RB R
###BRBB


156:
RBBB###
RRRR###
RRRB###
RRRBB B
###BBBB
###RBRR
###BRBB


157:
RBBB###
RRRR###
RRRB###
RRRBBBB
###BB B
###RBRR
###BRBB


158:
RBBB###
RRRR###
RRRB###
RRRBBBB
###B BB
###RBRR
###BRBB


159:
RBBB###
RRRR###
RRRB###
RRRBBBB
###BBBB
###R RR
###BRBB


160:
RBBB###
RRRR###
RRRB###
RRRBBBB
###BBBB
###RRRR
###B BB


161:
RBBB###
RRRR###
RRRB###
RRRBBBB
###BBBB
###RRRR
### BBB


162:
RBBB###
RRRR###
RRRB###
RRRBBBB
###BBBB
### RRR
###RBBB


163:
RBBB###
RRRR###
RRRB###
RRRBBBB
###BBBB
###R RR
###RBBB


164:
RBBB###
RRRR###
RRRB###
RRRBBBB
###BBBB
###RBRR
###R BB


165:
RBBB###
RRRR###
RRRB###
RRRBBBB
###BBBB
###RBRR
###RB B


166:
RBBB###
RRRR###
RRRB###
RRRBBBB
###BBBB
###RB R
###RBRB


167:
RBBB###
RRRR###
RRRB###
RRRBBBB
###BB B
###RBBR
###RBRB


168:
RBBB###
RRRR###
RRRB###
RRRBBBB
###B BB
###RBBR
###RBRB


169:
RBBB###
RRRR###
RRRB###
RRRBBBB
###BBBB
###RBBR
###R RB


170:
RBBB###
RRRR###
RRRB###
RRRBBBB
###BBBB
###RBBR
### RRB


171:
RBBB###
RRRR###
RRRB###
RRRBBBB
###BBBB
### BBR
###RRRB


172:
RBBB###
RRRR###
RRRB###
RRR BBB
###BBBB
###BBBR
###RRRB


173:
RBBB###
RRR ###
RRRB###
RRRRBBB
###BBBB
###BBBR
###RRRB


174:
RBBB###
RR R###
RRRB###
RRRRBBB
###BBBB
###BBBR
###RRRB


175:
RBBB###
R RR###
RRRB###
RRRRBBB
###BBBB
###BBBR
###RRRB


176:
RBBB###
 RRR###
RRRB###
RRRRBBB
###BBBB
###BBBR
###RRRB


177:
 BBB###
RRRR###
RRRB###
RRRRBBB
###BBBB
###BBBR
###RRRB


178:
B BB###
RRRR###
RRRB###
RRRRBBB
###BBBB
###BBBR
###RRRB


179:
BB B###
RRRR###
RRRB###
RRRRBBB
###BBBB
###BBBR
###RRRB


180:
BBB ###
RRRR###
RRRB###
RRRRBBB
###BBBB
###BBBR
###RRRB


181:
BBBB###
RRRR###
RRR ###
RRRRBBB
###BBBB
###BBBR
###RRRB


182:
BBBB###
RRRR###
RRRB###
RRRRBBB
### BBB
###BBBR
###RRRB


183:
BBBB###
RRRR###
RRRB###
RRR BBB
###RBBB
###BBBR
###RRRB


184:
BBBB###
RRRR###
RRRB###
RRRBBBB
###RBBB
### BBR
###RRRB


185:
BBBB###
RRRR###
RRRB###
RRRBBBB
### BBB
###RBBR
###RRRB


186:
BBBB###
RRRR###
RRRB###
RRRBBBB
###B BB
###RBBR
###RRRB


187:
BBBB###
RRRR###
RRRB###
RRRBBBB
###BB B
###RBBR
###RRRB


188:
BBBB###
RRRR###
RRRB###
RRRBBBB
###BBBB
###RB R
###RRRB


189:
BBBB###
RRRR###
RRRB###
RRRBBBB
###BBBB
###RBRR
###RR B


190:
BBBB###
RRRR###
RRRB###
RRRBBBB
###BBBB
###RBRR
###R RB


191:
BBBB###
RRRR###
RRRB###
RRRBBBB
###BBBB
###RBRR
### RRB


192:
BBBB###
RRRR###
RRRB###
RRRBBBB
###BBBB
### BRR
###RRRB


193:
BBBB###
RRRR###
RRRB###
RRRBBBB
###BBBB
###B RR
###RRRB


194:
BBBB###
RRRR###
RRRB###
RRRBBBB
###B BB
###BBRR
###RRRB


195:
BBBB###
RRRR###
RRRB###
RRRBBBB
###BRBB
###BBRR
###R RB


196:
BBBB###
RRRR###
RRRB###
RRRBBBB
###BRBB
###BBRR
### RRB


197:
BBBB###
RRRR###
RRRB###
RRRBBBB
###BRBB
### BRR
###BRRB


198:
BBBB###
RRRR###
RRRB###
RRRBBBB
###BRBB
###B RR
###BRRB


199:
BBBB###
RRRR###
RRRB###
RRRBBBB
###B BB
###BRRR
###BRRB


200:
BBBB###
RRRR###
RRRB###
RRRBBBB
###BB B
###BRRR
###BRRB


201:
BBBB###
RRRR###
RRRB###
RRRBBBB
###BBRB
###BR R
###BRRB


202:
BBBB###
RRRR###
RRRB###
RRRBBBB
###BBRB
###BRR 
###BRRB


203:
BBBB###
RRRR###
RRRB###
RRRBBBB
###BBR 
###BRRB
###BRRB


204:
BBBB###
RRRR###
RRRB###
RRRBBBB
###BB R
###BRRB
###BRRB


205:
BBBB###
RRRR###
RRRB###
RRRBB B
###BBBR
###BRRB
###BRRB


206:
BBBB###
RRRR###
RRRB###
RRRBBRB
###BBBR
###BR B
###BRRB


207:
BBBB###
RRRR###
RRRB###
RRRBBRB
###BB R
###BRBB
###BRRB


208:
BBBB###
RRRR###
RRRB###
RRRBBRB
###BBRR
###BRBB
###BR B


209:
BBBB###
RRRR###
RRRB###
RRRBBRB
###BBRR
###BRBB
###B RB


210:
BBBB###
RRRR###
RRRB###
RRRBBRB
###BBRR
###B BB
###BRRB


211:
BBBB###
RRRR###
RRRB###
RRRBBRB
###BBRR
###BB B
###BRRB


212:
BBBB###
RRRR###
RRRB###
RRRBBRB
###BB R
###BBRB
###BRRB


213:
BBBB###
RRRR###
RRRB###
RRRBBRB
###BBR 
###BBRB
###BRRB


214:
BBBB###
RRRR###
RRRB###
RRRBBRB
###BBRB
###BBRB
###BRR 


215:
BBBB###
RRRR###
RRRB###
RRRBBRB
###BBRB
###BBRB
###BR R


216:
BBBB###
RRRR###
RRRB###
RRRBBRB
###BBRB
###BB B
###BRRR


217:
BBBB###
RRRR###
RRRB###
RRRBBRB
###BBRB
###BBB 
###BRRR


218:
BBBB###
RRRR###
RRRB###
RRRBBRB
###BBRB
###BBBR
###BRR 


219:
BBBB###
RRRR###
RRRB###
RRRBBRB
###BBRB
###BBBR
###BR R


220:
BBBB###
RRRR###
RRRB###
RRRBBRB
###BBRB
###BB R
###BRBR


221:
BBBB###
RRRR###
RRRB###
RRRBB B
###BBRB
###BBRR
###BRBR


222:
BBBB###
RRRR###
RRRB###
RRRBBB 
###BBRB
###BBRR
###BRBR


223:
BBBB###
RRRR###
RRRB###
RRRBBBB
###BBR 
###BBRR
###BRBR


224:
BBBB###
RRRR###
RRRB###
RRRBBBB
###BBRR
###BBR 
###BRBR


225:
BBBB###
RRRR###
RRRB###
RRRBBB 
###BBRR
###BBRB
###BRBR


226:
BBBB###
RRRR###
RRRB###
RRRBB B
###BBRR
###BBRB
###BRBR


227:
BBBB###
RRRR###
RRRB###
RRRB BB
###BBRR
###BBRB
###BRBR


228:
BBBB###
RRRR###
RRRB###
RRRBBBB
###BBRR
###B RB
###BRBR


229:
BBBB###
RRRR###
RRRB###
RRRBBBB
###BBRR
### BRB
###BRBR


230:
BBBB###
RRRR###
RRRB###
RRRBBBB
###BBRR
###BBRB
### RBR


231:
BBBB###
RRRR###
RRRB###
RRRBBBB
###BBRR
###BBRB
###R BR


232:
BBBB###
RRRR###
RRRB###
RRRBBBB
###BBRR
###BBRB
###RB R


233:
BBBB###
RRRR###
RRRB###
RRRBBBB
###BBRR
###BB B
###RBRR


234:
BBBB###
RRRR###
RRRB###
RRRBBBB
###BBRR
###BBB 
###RBRR


235:
BBBB###
RRRR###
RRRB###
RRRBBBB
###BBR 
###BBBR
###RBRR


236:
BBBB###
RRRR###
RRRB###
RRRBBBB
###BB R
###BBBR
###RBRR


237:
BBBB###
RRRR###
RRRB###
RRRBB B
###BBBR
###BBBR
###RBRR


238:
BBBB###
RRRR###
RRRB###
RRRB BB
###BBBR
###BBBR
###RBRR


239:
BBBB###
RRRR###
RRRB###
RRR BBB
###BBBR
###BBBR
###RBRR


240:
BBBB###
RRR ###
RRRB###
RRRRBBB
###BBBR
###BBBR
###RBRR


241:
BBBB###
RRRB###
RRR ###
RRRRBBB
###BBBR
###BBBR
###RBRR


242:
BBBB###
RRRB###
RRRB###
RRRRBBB
### BBR
###BBBR
###RBRR


243:
BBBB###
RRRB###
RRRB###
RRR BBB
###RBBR
###BBBR
###RBRR


244:
BBBB###
RRRB###
RRRB###
RRRBBBB
###RBBR
### BBR
###RBRR


245:
BBBB###
RRRB###
RRRB###
RRRBBBB
###RBBR
###B BR
###RBRR


246:
BBBB###
RRRB###
RRRB###
RRRBBBB
###RBBR
###BBBR
###R RR


247:
BBBB###
RRRB###
RRRB###
RRRBBBB
###RBBR
###BBBR
### RRR


248:
BBBB###
RRRB###
RRRB###
RRRBBBB
### BBR
###BBBR
###RRRR


249:
BBBB###
RRRB###
RRRB###
RRR BBB
###BBBR
###BBBR
###RRRR


250:
BBBB###
RRRB###
RRRB###
RR RBBB
###BBBR
###BBBR
###RRRR


251:
BBBB###
RR B###
RRRB###
RRRRBBB
###BBBR
###BBBR
###RRRR


252:
BB B###
RRBB###
RRRB###
RRRRBBB
###BBBR
###BBBR
###RRRR


253:
BBB ###
RRBB###
RRRB###
RRRRBBB
###BBBR
###BBBR
###RRRR


254:
BBBB###
RRBB###
RRR ###
RRRRBBB
###BBBR
###BBBR
###RRRR


255:
BBBB###
RRBB###
RRRB###
RRRRBBB
### BBR
###BBBR
###RRRR


256:
BBBB###
RRBB###
RRRB###
RRR BBB
###RBBR
###BBBR
###RRRR


257:
BBBB###
RRBB###
RRRB###
RRRBBBB
###RBBR
### BBR
###RRRR


258:
BBBB###
RRBB###
RRRB###
RRRBBBB
### BBR
###RBBR
###RRRR


259:
BBBB###
RRBB###
RRRB###
RRR BBB
###BBBR
###RBBR
###RRRR


260:
BBBB###
RRBB###
RRRB###
RR RBBB
###BBBR
###RBBR
###RRRR


261:
BBBB###
RRBB###
RRRB###
R RRBBB
###BBBR
###RBBR
###RRRR


262:
BBBB###
R BB###
RRRB###
RRRRBBB
###BBBR
###RBBR
###RRRR


263:
BBBB###
 RBB###
RRRB###
RRRRBBB
###BBBR
###RBBR
###RRRR


264:
 BBB###
BRBB###
RRRB###
RRRRBBB
###BBBR
###RBBR
###RRRR


265:
B BB###
BRBB###
RRRB###
RRRRBBB
###BBBR
###RBBR
###RRRR


266:
BB B###
BRBB###
RRRB###
RRRRBBB
###BBBR
###RBBR
###RRRR


267:
BBB ###
BRBB###
RRRB###
RRRRBBB
###BBBR
###RBBR
###RRRR


268:
BBBB###
BRBB###
RRR ###
RRRRBBB
###BBBR
###RBBR
###RRRR


269:
BBBB###
BRBB###
RRRB###
RRRRBBB
### BBR
###RBBR
###RRRR


270:
BBBB###
BRBB###
RRRB###
RRR BBB
###RBBR
###RBBR
###RRRR


271:
BBBB###
BRBB###
RRRB###
RR RBBB
###RBBR
###RBBR
###RRRR


272:
BBBB###
BRBB###
RR B###
RRRRBBB
###RBBR
###RBBR
###RRRR


273:
BBBB###
BRBB###
R RB###
RRRRBBB
###RBBR
###RBBR
###RRRR


274:
BBBB###
B BB###
RRRB###
RRRRBBB
###RBBR
###RBBR
###RRRR


275:
B BB###
BBBB###
RRRB###
RRRRBBB
###RBBR
###RBBR
###RRRR


276:
BB B###
BBBB###
RRRB###
RRRRBBB
###RBBR
###RBBR
###RRRR


277:
BBB ###
BBBB###
RRRB###
RRRRBBB
###RBBR
###RBBR
###RRRR


278:
BBBB###
BBBB###
RRR ###
RRRRBBB
###RBBR
###RBBR
###RRRR


279:
BBBB###
BBBB###
RRRR###
RRR BBB
###RBBR
###RBBR
###RRRR


280:
BBBB###
BBBB###
RRRR###
RRRB BB
###RBBR
###RBBR
###RRRR


281:
BBBB###
BBBB###
RRRR###
RRRBBBB
###RBBR
###R BR
###RRRR


282:
BBBB###
BBBB###
RRRR###
RRRBBBB
###RBBR
###RRBR
###R RR


283:
BBBB###
BBBB###
RRRR###
RRRBBBB
###RBBR
###RRBR
### RRR


284:
BBBB###
BBBB###
RRRR###
RRRBBBB
### BBR
###RRBR
###RRRR


285:
BBBB###
BBBB###
RRR ###
RRRBBBB
###RBBR
###RRBR
###RRRR


286:
BBBB###
BBBB###
RRRB###
RRR BBB
###RBBR
###RRBR
###RRRR


287:
BBBB###
BBBB###
RRRB###
RR RBBB
###RBBR
###RRBR
###RRRR


288:
BBBB###
BBBB###
RR B###
RRRRBBB
###RBBR
###RRBR
###RRRR


289:
BBBB###
BBBB###
R RB###
RRRRBBB
###RBBR
###RRBR
###RRRR


290:
BBBB###
BBBB###
 RRB###
RRRRBBB
###RBBR
###RRBR
###RRRR


291:
BBBB###
 BBB###
BRRB###
RRRRBBB
###RBBR
###RRBR
###RRRR


292:
BBBB###
B BB###
BRRB###
RRRRBBB
###RBBR
###RRBR
###RRRR


293:
B BB###
BBBB###
BRRB###
RRRRBBB
###RBBR
###RRBR
###RRRR


294:
BB B###
BBBB###
BRRB###
RRRRBBB
###RBBR
###RRBR
###RRRR


295:
BBB ###
BBBB###
BRRB###
RRRRBBB
###RBBR
###RRBR
###RRRR


296:
BBBB###
BBBB###
BRR ###
RRRRBBB
###RBBR
###RRBR
###RRRR


297:
BBBB###
BBBB###
BRRR###
RRR BBB
###RBBR
###RRBR
###RRRR


298:
BBBB###
BBBB###
BRRR###
RRRB BB
###RBBR
###RRBR
###RRRR


299:
BBBB###
BBBB###
BRRR###
RRRBBBB
###R BR
###RRBR
###RRRR


300:
BBBB###
BBBB###
BRRR###
RRRBBBB
### RBR
###RRBR
###RRRR


301:
BBBB###
BBBB###
BRR ###
RRRBBBB
###RRBR
###RRBR
###RRRR


302:
BBBB###
BBBB###
BRRB###
RRR BBB
###RRBR
###RRBR
###RRRR


303:
BBBB###
BBBB###
BRRB###
RRRB BB
###RRBR
###RRBR
###RRRR


304:
BBBB###
BBBB###
BRRB###
RRRBB B
###RRBR
###RRBR
###RRRR


305:
BBBB###
BBBB###
BRRB###
RRRBBBB
###RRBR
###RR R
###RRRR


306:
BBBB###
BBBB###
BRRB###
RRRBBBB
###RRBR
###RRRR
###RR R


307:
BBBB###
BBBB###
BRRB###
RRRBBBB
###RRBR
###RRRR
###R RR


308:
BBBB###
BBBB###
BRRB###
RRRBBBB
###R BR
###RRRR
###RRRR


309:
BBBB###
BBBB###
BRRB###
RRRBBBB
### RBR
###RRRR
###RRRR


310:
BBBB###
BBBB###
BRRB###
RRR BBB
###BRBR
###RRRR
###RRRR


311:
BBBB###
BBBB###
BRRB###
RR RBBB
###BRBR
###RRRR
###RRRR


312:
BBBB###
BBBB###
BR B###
RRRRBBB
###BRBR
###RRRR
###RRRR


313:
BBBB###
BBBB###
B RB###
RRRRBBB
###BRBR
###RRRR
###RRRR


314:
B BB###
BBBB###
BBRB###
RRRRBBB
###BRBR
###RRRR
###RRRR


315:
BB B###
BBBB###
BBRB###
RRRRBBB
###BRBR
###RRRR
###RRRR


316:
BBB ###
BBBB###
BBRB###
RRRRBBB
###BRBR
###RRRR
###RRRR


317:
BBBB###
BBBB###
BBR ###
RRRRBBB
###BRBR
###RRRR
###RRRR


318:
BBBB###
BBBB###
BBRB###
RRRRBBB
### RBR
###RRRR
###RRRR


319:
BBBB###
BBBB###
BBRB###
RRR BBB
###RRBR
###RRRR
###RRRR


320:
BBBB###
BBBB###
BBRB###
RR RBBB
###RRBR
###RRRR
###RRRR


321:
BBBB###
BBBB###
BBRB###
R RRBBB
###RRBR
###RRRR
###RRRR


322:
BBBB###
BBBB###
BBRB###
 RRRBBB
###RRBR
###RRRR
###RRRR


323:
BBBB###
BBBB###
 BRB###
BRRRBBB
###RRBR
###RRRR
###RRRR


324:
 BBB###
BBBB###
BBRB###
BRRRBBB
###RRBR
###RRRR
###RRRR


325:
B BB###
BBBB###
BBRB###
BRRRBBB
###RRBR
###RRRR
###RRRR


326:
BB B###
BBBB###
BBRB###
BRRRBBB
###RRBR
###RRRR
###RRRR


327:
BBB ###
BBBB###
BBRB###
BRRRBBB
###RRBR
###RRRR
###RRRR


328:
BBBB###
BBBB###
BBR ###
BRRRBBB
###RRBR
###RRRR
###RRRR


329:
BBBB###
BBBB###
BBRR###
BRR BBB
###RRBR
###RRRR
###RRRR


330:
BBBB###
BBBB###
BBRR###
BRRB BB
###RRBR
###RRRR
###RRRR


331:
BBBB###
BBBB###
BBRR###
BRRBB B
###RRBR
###RRRR
###RRRR


332:
BBBB###
BBBB###
BBRR###
BRRBBBB
###RR R
###RRRR
###RRRR


333:
BBBB###
BBBB###
BBRR###
BRRBBBB
###R RR
###RRRR
###RRRR


334:
BBBB###
BBBB###
BBRR###
BRRBBBB
### RRR
###RRRR
###RRRR


335:
BBBB###
BBBB###
BBR ###
BRRBBBB
###RRRR
###RRRR
###RRRR


336:
BBBB###
BBBB###
BBRB###
BRR BBB
###RRRR
###RRRR
###RRRR


337:
BBBB###
BBBB###
BBRB###
BRRB BB
###RRRR
###RRRR
###RRRR


338:
BBBB###
BBBB###
BBRB###
BRRBB B
###RRRR
###RRRR
###RRRR


339:
BBBB###
BBBB###
BBRB###
BRRBBB 
###RRRR
###RRRR
###RRRR


340:
BBBB###
BBBB###
BBRB###
BRRBBBR
###RRR 
###RRRR
###RRRR


341:
BBBB###
BBBB###
BBRB###
BRRBBBR
###RRRR
###RRRR
###RRR 


342:
BBBB###
BBBB###
BBRB###
BRRBBBR
###RRRR
###RRRR
###RR R


343:
BBBB###
BBBB###
BBRB###
BRRBBBR
###RRRR
###RRRR
###R RR


344:
BBBB###
BBBB###
BBRB###
BRRBBBR
###RRRR
###RRRR
### RRR


345:
BBBB###
BBBB###
BBRB###
BRRBBBR
### RRR
###RRRR
###RRRR


346:
BBBB###
BBBB###
BBRB###
BRR BBR
###BRRR
###RRRR
###RRRR


347:
BBBB###
BBBB###
BBRB###
BR RBBR
###BRRR
###RRRR
###RRRR


348:
BBBB###
BBBB###
BB B###
BRRRBBR
###BRRR
###RRRR
###RRRR


349:
BBBB###
BBBB###
BBB ###
BRRRBBR
###BRRR
###RRRR
###RRRR


350:
BBBB###
BBBB###
BBBB###
BRRRBBR
### RRR
###RRRR
###RRRR


351:
BBBB###
BBBB###
BBBB###
BRR BBR
###RRRR
###RRRR
###RRRR


352:
BBBB###
BBBB###
BBBB###
BR RBBR
###RRRR
###RRRR
###RRRR


353:
BBBB###
BBBB###
BBBB###
B RRBBR
###RRRR
###RRRR
###RRRR


354:
BBBB###
BBBB###
B BB###
BBRRBBR
###RRRR
###RRRR
###RRRR


355:
B BB###
BBBB###
BBBB###
BBRRBBR
###RRRR
###RRRR
###RRRR


356:
BB B###
BBBB###
BBBB###
BBRRBBR
###RRRR
###RRRR
###RRRR


357:
BBB ###
BBBB###
BBBB###
BBRRBBR
###RRRR
###RRRR
###RRRR


358:
BBBB###
BBBB###
BBB ###
BBRRBBR
###RRRR
###RRRR
###RRRR


359:
BBBB###
BBBB###
BBBR###
BBR BBR
###RRRR
###RRRR
###RRRR


360:
BBBB###
BBBB###
BBBR###
BBRB BR
###RRRR
###RRRR
###RRRR


361:
BBBB###
BBBB###
BBBR###
BBRBB R
###RRRR
###RRRR
###RRRR


362:
BBBB###
BBBB###
BBBR###
BBRBBRR
###RR R
###RRRR
###RRRR


363:
BBBB###
BBBB###
BBBR###
BBRBBRR
###RRRR
###RRRR
###RR R


364:
BBBB###
BBBB###
BBBR###
BBRBBRR
###RRRR
###RRRR
###R RR


365:
BBBB###
BBBB###
BBBR###
BBRBBRR
###RRRR
###R RR
###RRRR


366:
BBBB###
BBBB###
BBBR###
BBRBBRR
###RRRR
### RRR
###RRRR


367:
BBBB###
BBBB###
BBBR###
BBRBBRR
### RRR
###RRRR
###RRRR


368:
BBBB###
BBBB###
BBB ###
BBRBBRR
###RRRR
###RRRR
###RRRR


369:
BBBB###
BBBB###
BBBB###
BBR BRR
###RRRR
###RRRR
###RRRR


370:
BBBB###
BBBB###
BBBB###
BB RBRR
###RRRR
###RRRR
###RRRR


371:
BBBB###
BBBB###
BB B###
BBBRBRR
###RRRR
###RRRR
###RRRR


372:
BBBB###
BBBB###
BBB ###
BBBRBRR
###RRRR
###RRRR
###RRRR


373:
BBBB###
BBBB###
BBBR###
BBB BRR
###RRRR
###RRRR
###RRRR


374:
BBBB###
BBBB###
BBBR###
BBBB RR
###RRRR
###RRRR
###RRRR


375:
BBBB###
BBBB###
BBBR###
BBBBRRR
###R RR
###RRRR
###RRRR


376:
BBBB###
BBBB###
BBBR###
BBBBRRR
### RRR
###RRRR
###RRRR


377:
BBBB###
BBBB###
BBB ###
BBBBRRR
###RRRR
###RRRR
###RRRR


378:
BBBB###
BBBB###
BBBB###
BBB RRR
###RRRR
###RRRR
###RRRR


