0:
RRR##
RRR##
RR BB
##BBB
##BBB


1:
RRR##
RR ##
RRRBB
##BBB
##BBB


2:
RRR##
RRB##
RRRBB
## BB
##BBB


3:
RRR##
RRB##
RR BB
##RBB
##BBB


4:
RR ##
RRB##
RRRBB
##RBB
##BBB


5:
RRB##
RR ##
RRRBB
##RBB
##BBB


6:
RRB##
RRR##
RR BB
##RBB
##BBB


7:
RRB##
RRR##
RRBBB
##RBB
## BB


8:
RRB##
RRR##
RRBBB
## BB
##RBB


9:
RRB##
RR ##
RRBBB
##RBB
##RBB


10:
RRB##
RRB##
RR BB
##RBB
##RBB


11:
RRB##
RRB##
R RBB
##RBB
##RBB


12:
RRB##
R B##
RRRBB
##RBB
##RBB


13:
RRB##
RB ##
RRRBB
##RBB
##RBB


14:
RR ##
RBB##
RRRBB
##RBB
##RBB


15:
R R##
RBB##
RRRBB
##RBB
##RBB


16:
RBR##
R B##
RRRBB
##RBB
##RBB


17:
RBR##
 RB##
RRRBB
##RBB
##RBB


18:
 BR##
RRB##
RRRBB
##RBB
##RBB


19:
B R##
RRB##
RRRBB
##RBB
##RBB


20:
BRR##
R B##
RRRBB
##RBB
##RBB


21:
BRR##
RB ##
RRRBB
##RBB
##RBB


22:
BRR##
RBR##
RR BB
##RBB
##RBB


23:
BRR##
RBR##
RRB B
##RBB
##RBB


24:
BRR##
RBR##
RRBBB
##RBB
##R B


25:
BRR##
RBR##
RRBBB
##RBB
## RB


26:
BRR##
RBR##
RRBBB
## BB
##RRB


27:
BRR##
RB ##
RRBBB
##RBB
##RRB


28:
BRR##
RBB##
RR BB
##RBB
##RRB


29:
BR ##
RBB##
RRRBB
##RBB
##RRB


30:
BRB##
RB ##
RRRBB
##RBB
##RRB


31:
BRB##
RBR##
RR BB
##RBB
##RRB


32:
BRB##
RBR##
RRB B
##RBB
##RRB


33:
BRB##
RBR##
RRBBB
##R B
##RRB


34:
BRB##
RBR##
RRBBB
##RB 
##RRB


35:
BRB##
RBR##
RRBBB
##RBB
##RR 


36:
BRB##
RBR##
RRBBB
##RBB
##R R


37:
BRB##
RBR##
RRBBB
##RBB
## RR


38:
BRB##
RBR##
RRBBB
## BB
##RRR


39:
BRB##
RB ##
RRBBB
##RBB
##RRR


40:
BRB##
RBB##
RR BB
##RBB
##RRR


41:
BRB##
RBB##
R RBB
##RBB
##RRR


42:
B B##
RBB##
RRRBB
##RBB
##RRR


43:
BBB##
R B##
RRRBB
##RBB
##RRR


44:
BBB##
 RB##
RRRBB
##RBB
##RRR


45:
 BB##
BRB##
RRRBB
##RBB
##RRR


46:
B B##
BRB##
RRRBB
##RBB
##RRR


47:
BB ##
BRB##
RRRBB
##RBB
##RRR


48:
BBB##
BR ##
RRRBB
##RBB
##RRR


49:
BBB##
BRR##
RR BB
##RBB
##RRR


50:
BBB##
BRR##
RRB B
##RBB
##RRR


51:
BBB##
BRR##
RRBBB
##R B
##RRR


52:
BBB##
BRR##
RRBBB
## RB
##RRR


53:
BBB##
BR ##
RRBBB
##RRB
##RRR


54:
BBB##
BRB##
RR BB
##RRB
##RRR


55:
BBB##
BRB##
RRB B
##RRB
##RRR


56:
BBB##
BRB##
RRBB 
##RRB
##RRR


57:
BBB##
BRB##
RRBBB
##RR 
##RRR


58:
BBB##
BRB##
RRBBB
##R R
##RRR


59:
BBB##
BRB##
RRBBB
## RR
##RRR


60:
BBB##
BRB##
RR BB
##BRR
##RRR


61:
BBB##
BRB##
R RBB
##BRR
##RRR


62:
BBB##
B B##
RRRBB
##BRR
##RRR


63:
BBB##
BB ##
RRRBB
##BRR
##RRR


64:
BBB##
BBB##
RRRBB
## RR
##RRR


65:
BBB##
BBB##
RR BB
##RRR
##RRR


66:
BBB##
BBB##
R RBB
##RRR
##RRR


67:
BBB##
BBB##
 RRBB
##RRR
##RRR


68:
BBB##
 BB##
BRRBB
##RRR
##RRR


69:
BBB##
B B##
BRRBB
##RRR
##RRR


70:
BBB##
BB ##
BRRBB
##RRR
##RRR


71:
BBB##
BBR##
BR BB
##RRR
##RRR


72:
BBB##
BBR##
BRB B
##RRR
##RRR


73:
BBB##
BBR##
BRBRB
##R R
##RRR


74:
BBB##
BBR##
BRBRB
## RR
##RRR


75:
BBB##
BB ##
BRBRB
##RRR
##RRR


76:
BBB##
BBB##
BR RB
##RRR
##RRR


77:
BBB##
BBB##
BRR B
##RRR
##RRR


78:
BBB##
BBB##
BRRB 
##RRR
##RRR


79:
BBB##
BBB##
BRRBR
##RR 
##RRR


80:
BBB##
BBB##
BRRBR
##R R
##RRR


81:
BBB##
BBB##
BRRBR
## RR
##RRR


82:
BBB##
BBB##
BR BR
##RRR
##RRR


83:
BBB##
BBB##
B RBR
##RRR
##RRR


84:
BBB##
B B##
BBRBR
##RRR
##RRR


85:
BBB##
BB ##
BBRBR
##RRR
##RRR


86:
BBB##
BBR##
BB BR
##RRR
##RRR


87:
BBB##
BBR##
BBB R
##RRR
##RRR


88:
BBB##
BBR##
BBBRR
##R R
##RRR


89:
BBB##
BBR##
BBBRR
## RR
##RRR


90:
BBB##
BB ##
BBBRR
##RRR
##RRR


91:
BBB##
BBB##
BB RR
##RRR
##RRR


